<?xml version="1.0" encoding="UTF-8"?>
<!-- Generated by org.testng.reporters.JUnitReportReporter -->
<testsuite hostname="DESKTOP-P1434LQ" failures="0" tests="1" name="ResAssuredProject3.ReqResTest" time="2.073" errors="0" timestamp="26 Sept 2024 15:32:54 GMT" skipped="0">
  <testcase classname="ResAssuredProject3.ReqResTest" name="PostEmployee" time="2.073"/>
</testsuite> <!-- ResAssuredProject3.ReqResTest -->
