<?xml version="1.0" encoding="UTF-8"?>
<!-- Generated by org.testng.reporters.JUnitReportReporter -->
<testsuite hostname="DESKTOP-P1434LQ" failures="0" tests="1" name="ResAssuredProject3.EndToEndTest" time="2.242" errors="0" timestamp="26 Sept 2024 15:28:54 GMT" skipped="0">
  <testcase classname="ResAssuredProject3.EndToEndTest" name="TC02_GetSingleEmployee" time="2.242"/>
</testsuite> <!-- ResAssuredProject3.EndToEndTest -->
