<?xml version="1.0" encoding="UTF-8"?>
<!-- Generated by org.testng.reporters.JUnitReportReporter -->
<testsuite hostname="DESKTOP-P1434LQ" failures="0" tests="5" name="ResAssuredProject3.EndToEndTest" time="2.887" errors="0" timestamp="22 Sept 2024 16:11:12 GMT" skipped="0">
  <testcase classname="ResAssuredProject3.EndToEndTest" name="TC01_GetAllEmployee" time="1.744"/>
  <testcase classname="ResAssuredProject3.EndToEndTest" name="TC03_CreateEmployee" time="1.083"/>
  <testcase classname="ResAssuredProject3.EndToEndTest" name="TC05_TestDeletedEmployee" time="0.014"/>
  <testcase classname="ResAssuredProject3.EndToEndTest" name="TC02_GetSingleEmployee" time="0.025"/>
  <testcase classname="ResAssuredProject3.EndToEndTest" name="TC04_DeleteEmployee" time="0.021"/>
</testsuite> <!-- ResAssuredProject3.EndToEndTest -->
